<?xml version="1.0" encoding="UTF-8"?>
<testng-results ignored="0" total="5" passed="5" failed="0" skipped="0">
  <reporter-output>
  </reporter-output>
  <suite started-at="2026-08-26T11:40:55 IST" name="Default suite" finished-at="2026-08-26T11:41:58 IST" duration-ms="62856">
    <groups>
    </groups>
    <test started-at="2026-08-26T11:40:55 IST" name="Default test" finished-at="2026-08-26T11:41:58 IST" duration-ms="62856">
      <class name="Address_TestScripts.TC_001_Verify_User_Is_Able_To_Add_Address_Or_Not">
        <test-method is-config="true" signature="beforeSuite()[pri:0, instance:Address_TestScripts.TC_001_Verify_User_Is_Able_To_Add_Address_Or_Not@198b6731]" started-at="2026-08-26T11:40:55 IST" name="beforeSuite" finished-at="2026-08-26T11:40:55 IST" duration-ms="13" status="PASS">
          <reporter-output>
          </reporter-output>
        </test-method> <!-- beforeSuite -->
        <test-method is-config="true" signature="beforeTest()[pri:0, instance:Address_TestScripts.TC_001_Verify_User_Is_Able_To_Add_Address_Or_Not@198b6731]" started-at="2026-08-26T11:40:55 IST" name="beforeTest" finished-at="2026-08-26T11:40:55 IST" duration-ms="309" status="PASS">
          <reporter-output>
          </reporter-output>
        </test-method> <!-- beforeTest -->
        <test-method is-config="true" signature="beforeClass()[pri:0, instance:Address_TestScripts.TC_001_Verify_User_Is_Able_To_Add_Address_Or_Not@198b6731]" started-at="2026-08-26T11:40:56 IST" name="beforeClass" finished-at="2026-08-26T11:40:59 IST" duration-ms="3702" status="PASS">
          <reporter-output>
          </reporter-output>
        </test-method> <!-- beforeClass -->
        <test-method is-config="true" signature="beforeMethod()[pri:0, instance:Address_TestScripts.TC_001_Verify_User_Is_Able_To_Add_Address_Or_Not@198b6731]" started-at="2026-08-26T11:40:59 IST" name="beforeMethod" finished-at="2026-08-26T11:41:03 IST" duration-ms="3759" status="PASS">
          <reporter-output>
          </reporter-output>
        </test-method> <!-- beforeMethod -->
        <test-method signature="addAddress()[pri:0, instance:Address_TestScripts.TC_001_Verify_User_Is_Able_To_Add_Address_Or_Not@198b6731]" started-at="2026-08-26T11:41:03 IST" name="addAddress" finished-at="2026-08-26T11:41:11 IST" duration-ms="7737" status="PASS">
          <reporter-output>
          </reporter-output>
        </test-method> <!-- addAddress -->
        <test-method is-config="true" signature="afterMethod()[pri:0, instance:Address_TestScripts.TC_001_Verify_User_Is_Able_To_Add_Address_Or_Not@198b6731]" started-at="2026-08-26T11:41:11 IST" name="afterMethod" finished-at="2026-08-26T11:41:12 IST" duration-ms="1214" status="PASS">
          <reporter-output>
          </reporter-output>
        </test-method> <!-- afterMethod -->
        <test-method is-config="true" signature="beforeMethod()[pri:0, instance:Address_TestScripts.TC_001_Verify_User_Is_Able_To_Add_Address_Or_Not@198b6731]" started-at="2026-08-26T11:41:12 IST" name="beforeMethod" finished-at="2026-08-26T11:41:14 IST" duration-ms="1816" status="PASS">
          <reporter-output>
          </reporter-output>
        </test-method> <!-- beforeMethod -->
        <test-method signature="addAddress()[pri:0, instance:Address_TestScripts.TC_001_Verify_User_Is_Able_To_Add_Address_Or_Not@198b6731]" started-at="2026-08-26T11:41:14 IST" name="addAddress" finished-at="2026-08-26T11:41:21 IST" duration-ms="7636" status="PASS">
          <reporter-output>
          </reporter-output>
        </test-method> <!-- addAddress -->
        <test-method is-config="true" signature="afterMethod()[pri:0, instance:Address_TestScripts.TC_001_Verify_User_Is_Able_To_Add_Address_Or_Not@198b6731]" started-at="2026-08-26T11:41:21 IST" name="afterMethod" finished-at="2026-08-26T11:41:22 IST" duration-ms="1067" status="PASS">
          <reporter-output>
          </reporter-output>
        </test-method> <!-- afterMethod -->
        <test-method is-config="true" signature="beforeMethod()[pri:0, instance:Address_TestScripts.TC_001_Verify_User_Is_Able_To_Add_Address_Or_Not@198b6731]" started-at="2026-08-26T11:41:22 IST" name="beforeMethod" finished-at="2026-08-26T11:41:24 IST" duration-ms="1698" status="PASS">
          <reporter-output>
          </reporter-output>
        </test-method> <!-- beforeMethod -->
        <test-method signature="addAddress()[pri:0, instance:Address_TestScripts.TC_001_Verify_User_Is_Able_To_Add_Address_Or_Not@198b6731]" started-at="2026-08-26T11:41:24 IST" name="addAddress" finished-at="2026-08-26T11:41:32 IST" duration-ms="7863" status="PASS">
          <reporter-output>
          </reporter-output>
        </test-method> <!-- addAddress -->
        <test-method is-config="true" signature="afterMethod()[pri:0, instance:Address_TestScripts.TC_001_Verify_User_Is_Able_To_Add_Address_Or_Not@198b6731]" started-at="2026-08-26T11:41:32 IST" name="afterMethod" finished-at="2026-08-26T11:41:33 IST" duration-ms="899" status="PASS">
          <reporter-output>
          </reporter-output>
        </test-method> <!-- afterMethod -->
        <test-method is-config="true" signature="beforeMethod()[pri:0, instance:Address_TestScripts.TC_001_Verify_User_Is_Able_To_Add_Address_Or_Not@198b6731]" started-at="2026-08-26T11:41:33 IST" name="beforeMethod" finished-at="2026-08-26T11:41:35 IST" duration-ms="1777" status="PASS">
          <reporter-output>
          </reporter-output>
        </test-method> <!-- beforeMethod -->
        <test-method signature="addAddress()[pri:0, instance:Address_TestScripts.TC_001_Verify_User_Is_Able_To_Add_Address_Or_Not@198b6731]" started-at="2026-08-26T11:41:35 IST" name="addAddress" finished-at="2026-08-26T11:41:42 IST" duration-ms="7739" status="PASS">
          <reporter-output>
          </reporter-output>
        </test-method> <!-- addAddress -->
        <test-method is-config="true" signature="afterMethod()[pri:0, instance:Address_TestScripts.TC_001_Verify_User_Is_Able_To_Add_Address_Or_Not@198b6731]" started-at="2026-08-26T11:41:42 IST" name="afterMethod" finished-at="2026-08-26T11:41:43 IST" duration-ms="972" status="PASS">
          <reporter-output>
          </reporter-output>
        </test-method> <!-- afterMethod -->
        <test-method is-config="true" signature="beforeMethod()[pri:0, instance:Address_TestScripts.TC_001_Verify_User_Is_Able_To_Add_Address_Or_Not@198b6731]" started-at="2026-08-26T11:41:43 IST" name="beforeMethod" finished-at="2026-08-26T11:41:45 IST" duration-ms="1688" status="PASS">
          <reporter-output>
          </reporter-output>
        </test-method> <!-- beforeMethod -->
        <test-method signature="addAddress()[pri:0, instance:Address_TestScripts.TC_001_Verify_User_Is_Able_To_Add_Address_Or_Not@198b6731]" started-at="2026-08-26T11:41:45 IST" name="addAddress" finished-at="2026-08-26T11:41:53 IST" duration-ms="8031" status="PASS">
          <reporter-output>
          </reporter-output>
        </test-method> <!-- addAddress -->
        <test-method is-config="true" signature="afterMethod()[pri:0, instance:Address_TestScripts.TC_001_Verify_User_Is_Able_To_Add_Address_Or_Not@198b6731]" started-at="2026-08-26T11:41:53 IST" name="afterMethod" finished-at="2026-08-26T11:41:54 IST" duration-ms="871" status="PASS">
          <reporter-output>
          </reporter-output>
        </test-method> <!-- afterMethod -->
        <test-method is-config="true" signature="afterClass()[pri:0, instance:Address_TestScripts.TC_001_Verify_User_Is_Able_To_Add_Address_Or_Not@198b6731]" started-at="2026-08-26T11:41:54 IST" name="afterClass" finished-at="2026-08-26T11:41:58 IST" duration-ms="3517" status="PASS">
          <reporter-output>
          </reporter-output>
        </test-method> <!-- afterClass -->
        <test-method is-config="true" signature="afterTest()[pri:0, instance:Address_TestScripts.TC_001_Verify_User_Is_Able_To_Add_Address_Or_Not@198b6731]" started-at="2026-08-26T11:41:58 IST" name="afterTest" finished-at="2026-08-26T11:41:58 IST" duration-ms="458" status="PASS">
          <reporter-output>
          </reporter-output>
        </test-method> <!-- afterTest -->
        <test-method is-config="true" signature="afterSuite()[pri:0, instance:Address_TestScripts.TC_001_Verify_User_Is_Able_To_Add_Address_Or_Not@198b6731]" started-at="2026-08-26T11:41:58 IST" name="afterSuite" finished-at="2026-08-26T11:41:58 IST" duration-ms="0" status="PASS">
          <reporter-output>
          </reporter-output>
        </test-method> <!-- afterSuite -->
      </class> <!-- Address_TestScripts.TC_001_Verify_User_Is_Able_To_Add_Address_Or_Not -->
    </test> <!-- Default test -->
  </suite> <!-- Default suite -->
</testng-results>
