<?xml version="1.0" encoding="UTF-8"?>
<!-- Generated by org.testng.reporters.JUnitXMLReporter -->
<testsuite ignored="0" hostname="QSpiders" failures="0" tests="5" name="Default test" time="62.856" errors="0" timestamp="2026-08-26T11:41:58 IST">
  <testcase classname="Address_TestScripts.TC_001_Verify_User_Is_Able_To_Add_Address_Or_Not" name="addAddress" time="7.737"/>
  <testcase classname="Address_TestScripts.TC_001_Verify_User_Is_Able_To_Add_Address_Or_Not" name="addAddress" time="7.636"/>
  <testcase classname="Address_TestScripts.TC_001_Verify_User_Is_Able_To_Add_Address_Or_Not" name="addAddress" time="7.863"/>
  <testcase classname="Address_TestScripts.TC_001_Verify_User_Is_Able_To_Add_Address_Or_Not" name="addAddress" time="7.739"/>
  <testcase classname="Address_TestScripts.TC_001_Verify_User_Is_Able_To_Add_Address_Or_Not" name="addAddress" time="8.031"/>
</testsuite> <!-- Default test -->
