<?xml version="1.0" encoding="UTF-8"?>
<!-- Generated by org.testng.reporters.JUnitReportReporter -->
<testsuite hostname="QSpiders" failures="0" tests="5" name="Address_TestScripts.TC_001_Verify_User_Is_Able_To_Add_Address_Or_Not" time="54.767" errors="0" timestamp="2026-08-26T11:41:58 IST" skipped="0">
  <testcase classname="Address_TestScripts.TC_001_Verify_User_Is_Able_To_Add_Address_Or_Not" name="addAddress" time="10.519"/>
  <testcase classname="Address_TestScripts.TC_001_Verify_User_Is_Able_To_Add_Address_Or_Not" name="addAddress" time="12.710"/>
  <testcase classname="Address_TestScripts.TC_001_Verify_User_Is_Able_To_Add_Address_Or_Not" name="addAddress" time="10.590"/>
  <testcase classname="Address_TestScripts.TC_001_Verify_User_Is_Able_To_Add_Address_Or_Not" name="addAddress" time="10.533"/>
  <testcase classname="Address_TestScripts.TC_001_Verify_User_Is_Able_To_Add_Address_Or_Not" name="addAddress" time="10.415"/>
</testsuite> <!-- Address_TestScripts.TC_001_Verify_User_Is_Able_To_Add_Address_Or_Not -->
