<?xml version="1.0" encoding="UTF-8"?>
<!-- Generated by org.testng.reporters.JUnitReportReporter -->
<testsuite hostname="QSpiders" failures="0" tests="1" name="Address_TestScripts.TC_002_Verify_User_Is_Able_To_Delete_Address_Or_Not" time="10.546" errors="0" timestamp="2026-08-26T11:39:51 IST" skipped="0">
  <testcase classname="Address_TestScripts.TC_002_Verify_User_Is_Able_To_Delete_Address_Or_Not" name="deleteAddress" time="10.546"/>
</testsuite> <!-- Address_TestScripts.TC_002_Verify_User_Is_Able_To_Delete_Address_Or_Not -->
